<?xml version="1.0" encoding="UTF-8"?>
<!-- Generated by org.testng.reporters.JUnitXMLReporter -->
<testsuite ignored="0" hostname="P2CLAP-1BGFVM" failures="0" tests="3" name="Default test" time="4.336" errors="0" timestamp="2023-04-13T17:27:09 IST">
  <testcase classname="demoProject.APITest" name="verifyAPI" time="3.351"/>
  <testcase classname="demoProject.APITest" name="verifyPOSTAPI" time="0.479"/>
  <testcase classname="demoProject.APITest" name="verifyPUTAPI" time="0.421"/>
</testsuite> <!-- Default test -->
