<?xml version="1.0" encoding="UTF-8"?>
<!-- Generated by org.testng.reporters.JUnitXMLReporter -->
<testsuite ignored="0" hostname="P2CLAP-1BGFVM" failures="0" tests="4" name="Default test" time="6.469" errors="0" timestamp="2023-04-13T18:10:33 IST">
  <testcase classname="demoProject.APITest" name="verifyAPI" time="3.557"/>
  <testcase classname="demoProject.APITest" name="verifyDeleteAPI" time="0.395"/>
  <testcase classname="demoProject.APITest" name="verifyPOSTAPI" time="0.438"/>
  <testcase classname="demoProject.APITest" name="verifyPUTAPI" time="1.972"/>
</testsuite> <!-- Default test -->
