<?xml version="1.0" encoding="UTF-8"?>
<testng-results ignored="0" total="4" passed="4" failed="0" skipped="0">
  <reporter-output>
  </reporter-output>
  <suite started-at="2023-04-13T18:10:26 IST" name="Default suite" finished-at="2023-04-13T18:10:33 IST" duration-ms="6469">
    <groups>
    </groups>
    <test started-at="2023-04-13T18:10:26 IST" name="Default test" finished-at="2023-04-13T18:10:33 IST" duration-ms="6469">
      <class name="demoProject.APITest">
        <test-method signature="verifyAPI()[pri:0, instance:demoProject.APITest@52102734]" started-at="2023-04-13T18:10:26 IST" name="verifyAPI" finished-at="2023-04-13T18:10:30 IST" duration-ms="3557" status="PASS">
          <reporter-output>
          </reporter-output>
        </test-method> <!-- verifyAPI -->
        <test-method signature="verifyDeleteAPI()[pri:0, instance:demoProject.APITest@52102734]" started-at="2023-04-13T18:10:30 IST" name="verifyDeleteAPI" finished-at="2023-04-13T18:10:30 IST" duration-ms="395" status="PASS">
          <reporter-output>
          </reporter-output>
        </test-method> <!-- verifyDeleteAPI -->
        <test-method signature="verifyPOSTAPI()[pri:0, instance:demoProject.APITest@52102734]" started-at="2023-04-13T18:10:30 IST" name="verifyPOSTAPI" finished-at="2023-04-13T18:10:31 IST" duration-ms="438" status="PASS">
          <reporter-output>
          </reporter-output>
        </test-method> <!-- verifyPOSTAPI -->
        <test-method signature="verifyPUTAPI()[pri:0, instance:demoProject.APITest@52102734]" started-at="2023-04-13T18:10:31 IST" name="verifyPUTAPI" finished-at="2023-04-13T18:10:33 IST" duration-ms="1972" status="PASS">
          <reporter-output>
          </reporter-output>
        </test-method> <!-- verifyPUTAPI -->
      </class> <!-- demoProject.APITest -->
    </test> <!-- Default test -->
  </suite> <!-- Default suite -->
</testng-results>
