<?xml version="1.0" encoding="UTF-8"?>
<testng-results ignored="0" total="3" passed="3" failed="0" skipped="0">
  <reporter-output>
  </reporter-output>
  <suite started-at="2023-04-13T17:27:05 IST" name="Default suite" finished-at="2023-04-13T17:27:09 IST" duration-ms="4336">
    <groups>
    </groups>
    <test started-at="2023-04-13T17:27:05 IST" name="Default test" finished-at="2023-04-13T17:27:09 IST" duration-ms="4336">
      <class name="demoProject.APITest">
        <test-method signature="verifyAPI()[pri:0, instance:demoProject.APITest@e1de817]" started-at="2023-04-13T17:27:05 IST" name="verifyAPI" finished-at="2023-04-13T17:27:08 IST" duration-ms="3351" status="PASS">
          <reporter-output>
          </reporter-output>
        </test-method> <!-- verifyAPI -->
        <test-method signature="verifyPOSTAPI()[pri:0, instance:demoProject.APITest@e1de817]" started-at="2023-04-13T17:27:08 IST" name="verifyPOSTAPI" finished-at="2023-04-13T17:27:09 IST" duration-ms="479" status="PASS">
          <reporter-output>
          </reporter-output>
        </test-method> <!-- verifyPOSTAPI -->
        <test-method signature="verifyPUTAPI()[pri:0, instance:demoProject.APITest@e1de817]" started-at="2023-04-13T17:27:09 IST" name="verifyPUTAPI" finished-at="2023-04-13T17:27:09 IST" duration-ms="421" status="PASS">
          <reporter-output>
          </reporter-output>
        </test-method> <!-- verifyPUTAPI -->
      </class> <!-- demoProject.APITest -->
    </test> <!-- Default test -->
  </suite> <!-- Default suite -->
</testng-results>
